# JRE version: OpenJDK Runtime Environment (8.0_212-b04) (build 1.8.0_212-release-1586-b04)
# Java VM: OpenJDK 64-Bit Server VM (25.212-b04 mixed mode windows-amd64 compressed oops)
Heap:
 PSYoungGen      total 137728K, used 18599K [0x00000000e0000000, 0x00000000eb800000, 0x0000000100000000)
  eden space 123392K, 15% used [0x00000000e0000000,0x00000000e1229e78,0x00000000e7880000)
  from space 14336K, 0% used [0x00000000e8a00000,0x00000000e8a00000,0x00000000e9800000)
  to   space 17920K, 0% used [0x00000000e7880000,0x00000000e7880000,0x00000000e8a00000)
 ParOldGen       total 190464K, used 28689K [0x00000000a0000000, 0x00000000aba00000, 0x00000000e0000000)
  object space 190464K, 15% used [0x00000000a0000000,0x00000000a1c047d0,0x00000000aba00000)
 Metaspace       used 56285K, capacity 58010K, committed 58112K, reserved 1103872K
  class space    used 7724K, capacity 8168K, committed 8192K, reserved 1048576K
GC Heap History (10 events):
Event: 7.920 GC heap before
{Heap before GC invocations=10 (full 2):
 PSYoungGen      total 112640K, used 112117K [0x00000000e0000000, 0x00000000e9800000, 0x0000000100000000)
  eden space 99328K, 100% used [0x00000000e0000000,0x00000000e6100000,0x00000000e6100000)
  from space 13312K, 96% used [0x00000000e6100000,0x00000000e6d7d528,0x00000000e6e00000)
  to   space 14336K, 0% used [0x00000000e8a00000,0x00000000e8a00000,0x00000000e9800000)
 ParOldGen       total 190464K, used 16816K [0x00000000a0000000, 0x00000000aba00000, 0x00000000e0000000)
  object space 190464K, 8% used [0x00000000a0000000,0x00000000a106c018,0x00000000aba00000)
 Metaspace       used 52800K, capacity 54460K, committed 54784K, reserved 1095680K
  class space    used 7182K, capacity 7581K, committed 7680K, reserved 1048576K
Event: 8.011 GC heap after
Heap after GC invocations=10 (full 2):
 PSYoungGen      total 137728K, used 14318K [0x00000000e0000000, 0x00000000eb800000, 0x0000000100000000)
  eden space 123392K, 0% used [0x00000000e0000000,0x00000000e0000000,0x00000000e7880000)
  from space 14336K, 99% used [0x00000000e8a00000,0x00000000e97fb890,0x00000000e9800000)
  to   space 17920K, 0% used [0x00000000e7880000,0x00000000e7880000,0x00000000e8a00000)
 ParOldGen       total 190464K, used 21020K [0x00000000a0000000, 0x00000000aba00000, 0x00000000e0000000)
  object space 190464K, 11% used [0x00000000a0000000,0x00000000a1487388,0x00000000aba00000)
 Metaspace       used 52800K, capacity 54460K, committed 54784K, reserved 1095680K
  class space    used 7182K, capacity 7581K, committed 7680K, reserved 1048576K
}
Event: 8.456 GC heap before
{Heap before GC invocations=11 (full 2):
 PSYoungGen      total 137728K, used 50156K [0x00000000e0000000, 0x00000000eb800000, 0x0000000100000000)
  eden space 123392K, 29% used [0x00000000e0000000,0x00000000e22ffa80,0x00000000e7880000)
  from space 14336K, 99% used [0x00000000e8a00000,0x00000000e97fb890,0x00000000e9800000)
  to   space 17920K, 0% used [0x00000000e7880000,0x00000000e7880000,0x00000000e8a00000)
 ParOldGen       total 190464K, used 21020K [0x00000000a0000000, 0x00000000aba00000, 0x00000000e0000000)
  object space 190464K, 11% used [0x00000000a0000000,0x00000000a1487388,0x00000000aba00000)
 Metaspace       used 55176K, capacity 56832K, committed 56960K, reserved 1103872K
  class space    used 7519K, capacity 7961K, committed 8064K, reserved 1048576K
Event: 8.464 GC heap after
Heap after GC invocations=11 (full 2):
 PSYoungGen      total 141312K, used 15420K [0x00000000e0000000, 0x00000000eb800000, 0x0000000100000000)
  eden space 123392K, 0% used [0x00000000e0000000,0x00000000e0000000,0x00000000e7880000)
  from space 17920K, 86% used [0x00000000e7880000,0x00000000e878f0d0,0x00000000e8a00000)
  to   space 14336K, 0% used [0x00000000e8a00000,0x00000000e8a00000,0x00000000e9800000)
 ParOldGen       total 190464K, used 21092K [0x00000000a0000000, 0x00000000aba00000, 0x00000000e0000000)
  object space 190464K, 11% used [0x00000000a0000000,0x00000000a1499398,0x00000000aba00000)
 Metaspace       used 55176K, capacity 56832K, committed 56960K, reserved 1103872K
  class space    used 7519K, capacity 7961K, committed 8064K, reserved 1048576K
}
Event: 8.464 GC heap before
{Heap before GC invocations=12 (full 3):
 PSYoungGen      total 141312K, used 15420K [0x00000000e0000000, 0x00000000eb800000, 0x0000000100000000)
  eden space 123392K, 0% used [0x00000000e0000000,0x00000000e0000000,0x00000000e7880000)
  from space 17920K, 86% used [0x00000000e7880000,0x00000000e878f0d0,0x00000000e8a00000)
  to   space 14336K, 0% used [0x00000000e8a00000,0x00000000e8a00000,0x00000000e9800000)
 ParOldGen       total 190464K, used 21092K [0x00000000a0000000, 0x00000000aba00000, 0x00000000e0000000)
  object space 190464K, 11% used [0x00000000a0000000,0x00000000a1499398,0x00000000aba00000)
 Metaspace       used 55176K, capacity 56832K, committed 56960K, reserved 1103872K
  class space    used 7519K, capacity 7961K, committed 8064K, reserved 1048576K
Event: 8.596 GC heap after
Heap after GC invocations=12 (full 3):
 PSYoungGen      total 141312K, used 0K [0x00000000e0000000, 0x00000000eb800000, 0x0000000100000000)
  eden space 123392K, 0% used [0x00000000e0000000,0x00000000e0000000,0x00000000e7880000)
  from space 17920K, 0% used [0x00000000e7880000,0x00000000e7880000,0x00000000e8a00000)
  to   space 14336K, 0% used [0x00000000e8a00000,0x00000000e8a00000,0x00000000e9800000)
 ParOldGen       total 190464K, used 29502K [0x00000000a0000000, 0x00000000aba00000, 0x00000000e0000000)
  object space 190464K, 15% used [0x00000000a0000000,0x00000000a1ccf800,0x00000000aba00000)
 Metaspace       used 55176K, capacity 56832K, committed 56960K, reserved 1101824K
  class space    used 7519K, capacity 7961K, committed 8064K, reserved 1048576K
}
Event: 8.597 GC heap before
{Heap before GC invocations=13 (full 3):
 PSYoungGen      total 141312K, used 260K [0x00000000e0000000, 0x00000000eb800000, 0x0000000100000000)
  eden space 123392K, 0% used [0x00000000e0000000,0x00000000e0041300,0x00000000e7880000)
  from space 17920K, 0% used [0x00000000e7880000,0x00000000e7880000,0x00000000e8a00000)
  to   space 14336K, 0% used [0x00000000e8a00000,0x00000000e8a00000,0x00000000e9800000)
 ParOldGen       total 190464K, used 29502K [0x00000000a0000000, 0x00000000aba00000, 0x00000000e0000000)
  object space 190464K, 15% used [0x00000000a0000000,0x00000000a1ccf800,0x00000000aba00000)
 Metaspace       used 55176K, capacity 56832K, committed 56960K, reserved 1105920K
  class space    used 7519K, capacity 7961K, committed 8064K, reserved 1048576K
Event: 8.598 GC heap after
Heap after GC invocations=13 (full 3):
 PSYoungGen      total 137728K, used 32K [0x00000000e0000000, 0x00000000eb800000, 0x0000000100000000)
  eden space 123392K, 0% used [0x00000000e0000000,0x00000000e0000000,0x00000000e7880000)
  from space 14336K, 0% used [0x00000000e8a00000,0x00000000e8a08000,0x00000000e9800000)
  to   space 17920K, 0% used [0x00000000e7880000,0x00000000e7880000,0x00000000e8a00000)
 ParOldGen       total 190464K, used 29502K [0x00000000a0000000, 0x00000000aba00000, 0x00000000e0000000)
  object space 190464K, 15% used [0x00000000a0000000,0x00000000a1ccf800,0x00000000aba00000)
 Metaspace       used 55176K, capacity 56832K, committed 56960K, reserved 1105920K
  class space    used 7519K, capacity 7961K, committed 8064K, reserved 1048576K
}
Event: 8.598 GC heap before
{Heap before GC invocations=14 (full 4):
 PSYoungGen      total 137728K, used 32K [0x00000000e0000000, 0x00000000eb800000, 0x0000000100000000)
  eden space 123392K, 0% used [0x00000000e0000000,0x00000000e0000000,0x00000000e7880000)
  from space 14336K, 0% used [0x00000000e8a00000,0x00000000e8a08000,0x00000000e9800000)
  to   space 17920K, 0% used [0x00000000e7880000,0x00000000e7880000,0x00000000e8a00000)
 ParOldGen       total 190464K, used 29502K [0x00000000a0000000, 0x00000000aba00000, 0x00000000e0000000)
  object space 190464K, 15% used [0x00000000a0000000,0x00000000a1ccf800,0x00000000aba00000)
 Metaspace       used 55176K, capacity 56832K, committed 56960K, reserved 1105920K
  class space    used 7519K, capacity 7961K, committed 8064K, reserved 1048576K
Event: 8.633 GC heap after
Heap after GC invocations=14 (full 4):
 PSYoungGen      total 137728K, used 0K [0x00000000e0000000, 0x00000000eb800000, 0x0000000100000000)
  eden space 123392K, 0% used [0x00000000e0000000,0x00000000e0000000,0x00000000e7880000)
  from space 14336K, 0% used [0x00000000e8a00000,0x00000000e8a00000,0x00000000e9800000)
  to   space 17920K, 0% used [0x00000000e7880000,0x00000000e7880000,0x00000000e8a00000)
 ParOldGen       total 190464K, used 28689K [0x00000000a0000000, 0x00000000aba00000, 0x00000000e0000000)
  object space 190464K, 15% used [0x00000000a0000000,0x00000000a1c047d0,0x00000000aba00000)
 Metaspace       used 55176K, capacity 56832K, committed 56960K, reserved 1101824K
  class space    used 7519K, capacity 7961K, committed 8064K, reserved 1048576K
}

